\BOOKMARK [1][-]{section.1}{Zad\341n\355}{}% 1
\BOOKMARK [1][-]{section.2}{Anal\375za probl\351mu}{}% 2
\BOOKMARK [2][-]{subsection.2.1}{Negativ}{section.2}% 3
\BOOKMARK [2][-]{subsection.2.2}{Sepia}{section.2}% 4
\BOOKMARK [2][-]{subsection.2.3}{Mozaika}{section.2}% 5
\BOOKMARK [2][-]{subsection.2.4}{Rozm\341z\341n\355}{section.2}% 6
\BOOKMARK [1][-]{section.3}{Popis re\235en\355}{}% 7
\BOOKMARK [2][-]{subsection.3.1}{Negativ}{section.3}% 8
\BOOKMARK [2][-]{subsection.3.2}{Sepia}{section.3}% 9
\BOOKMARK [2][-]{subsection.3.3}{Mozaika s jedn\355m pruchodem}{section.3}% 10
\BOOKMARK [2][-]{subsection.3.4}{Mozaika s dvema pruchody}{section.3}% 11
\BOOKMARK [2][-]{subsection.3.5}{Rozmaz\341n\355}{section.3}% 12
\BOOKMARK [1][-]{section.4}{U\236ivatelsk\341 dokumentace}{}% 13
\BOOKMARK [1][-]{section.5}{Z\341ver}{}% 14
\BOOKMARK [2][-]{subsection.5.1}{V\375sledky pro negativ}{section.5}% 15
\BOOKMARK [2][-]{subsection.5.2}{V\375sledky pro sepii}{section.5}% 16
\BOOKMARK [2][-]{subsection.5.3}{V\375sledky pro mozaiku s jedn\355m pruchodem}{section.5}% 17
\BOOKMARK [2][-]{subsection.5.4}{V\375sledky pro mozaiku s dvema pruchody}{section.5}% 18
\BOOKMARK [2][-]{subsection.5.5}{V\375sledky pro rozmaz\341n\355}{section.5}% 19
\BOOKMARK [1][-]{section.6}{Reference}{}% 20
